<?xml version="1.0" encoding="UTF-8"?>
<!-- Generated by org.testng.reporters.JUnitXMLReporter -->
<testsuite hostname="DESKTOP-P40FRGU" ignored="0" tests="3" failures="1" timestamp="04 九月 2021 07:20:57 GMT" time="0.171" errors="0">
  <testcase name="f" time="0.047" classname="TestDemo"/>
  <testcase name="f1" time="0.002" classname="TestDemo">
    <failure type="java.lang.AssertionError">
      <![CDATA[java.lang.AssertionError
at TestDemo.f1(TestDemo.java:10)
... Removed 30 stack frames]]>
    </failure>
  </testcase> <!-- f1 -->
  <testcase name="f2" time="0.003" classname="TestDemo"/>
</testsuite>
