<?xml version="1.0" encoding="UTF-8"?>
<testng-results skipped="0" failed="0" ignored="0" total="3" passed="3">
  <reporter-output>
  </reporter-output>
  <suite name="Surefire suite" duration-ms="154" started-at="2021-09-06T06:27:57Z" finished-at="2021-09-06T06:27:57Z">
    <groups>
    </groups>
    <test name="Surefire test" duration-ms="154" started-at="2021-09-06T06:27:57Z" finished-at="2021-09-06T06:27:57Z">
      <class name="TestDemo">
        <test-method status="PASS" signature="f()[pri:0, instance:TestDemo@79da1ec0]" name="f" duration-ms="43" started-at="2021-09-06T06:27:57Z" finished-at="2021-09-06T06:27:57Z">
          <reporter-output>
          </reporter-output>
        </test-method> <!-- f -->
        <test-method status="PASS" signature="f1()[pri:0, instance:TestDemo@79da1ec0]" name="f1" duration-ms="10" started-at="2021-09-06T06:27:57Z" finished-at="2021-09-06T06:27:57Z">
          <reporter-output>
          </reporter-output>
        </test-method> <!-- f1 -->
        <test-method status="PASS" signature="f2()[pri:0, instance:TestDemo@79da1ec0]" name="f2" duration-ms="0" started-at="2021-09-06T06:27:57Z" finished-at="2021-09-06T06:27:57Z">
          <reporter-output>
          </reporter-output>
        </test-method> <!-- f2 -->
      </class> <!-- TestDemo -->
    </test> <!-- Surefire test -->
  </suite> <!-- Surefire suite -->
</testng-results>
